Date: [2019-02-23T13:13:53.229Z] info: HTTP GET /
Date: [2019-02-23T13:13:55.145Z] info: HTTP GET /favicon.ico
Date: [2019-02-23T13:14:02.310Z] info: HTTP GET /article
Date: [2019-02-24T10:59:56.541Z] info: HTTP OPTIONS /article
Date: [2019-02-24T10:59:56.682Z] info: HTTP POST /article
Date: [2019-02-24T12:11:21.572Z] info: HTTP OPTIONS /article
Date: [2019-02-24T12:11:21.608Z] info: HTTP POST /article
Date: [2019-02-24T13:35:39.066Z] info: HTTP GET /
Date: [2019-02-24T13:36:05.605Z] info: HTTP GET /
Date: [2019-02-24T13:40:39.434Z] info: HTTP GET /
Date: [2019-02-24T13:40:49.210Z] info: HTTP GET /
Date: [2019-02-24T13:41:10.585Z] info: HTTP GET /
Date: [2019-02-24T13:41:49.367Z] info: HTTP OPTIONS /article
Date: [2019-02-24T13:41:49.406Z] info: HTTP POST /article
Date: [2019-02-24T13:41:50.412Z] info: HTTP GET /
Date: [2019-02-24T13:41:53.427Z] info: HTTP GET /
Date: [2019-02-24T13:45:08.034Z] info: HTTP GET /
Date: [2019-02-24T13:45:11.807Z] info: HTTP GET /
Date: [2019-02-24T13:53:44.143Z] info: HTTP GET /
Date: [2019-02-24T13:53:48.152Z] info: HTTP GET /
Date: [2019-02-24T14:09:26.311Z] info: HTTP GET /
Date: [2019-02-24T14:11:15.194Z] info: HTTP GET /
Date: [2019-02-24T14:11:31.083Z] info: HTTP GET /
Date: [2019-02-24T14:12:44.971Z] info: HTTP GET /
Date: [2019-02-24T14:12:48.839Z] info: HTTP GET /
Date: [2019-02-24T14:12:58.764Z] info: HTTP GET /
Date: [2019-02-24T14:13:01.222Z] info: HTTP GET /
Date: [2019-02-24T14:14:12.468Z] info: HTTP GET /
Date: [2019-02-24T14:14:38.300Z] info: HTTP GET /
Date: [2019-02-24T14:16:26.192Z] info: HTTP GET /
Date: [2019-02-24T14:16:28.868Z] info: HTTP GET /
Date: [2019-02-24T14:16:33.395Z] info: HTTP GET /
Date: [2019-02-24T14:16:39.401Z] info: HTTP GET /
Date: [2019-02-24T14:16:44.491Z] info: HTTP GET /
Date: [2019-02-24T14:18:15.635Z] info: HTTP GET /
Date: [2019-02-24T14:18:24.532Z] info: HTTP GET /
Date: [2019-02-24T14:18:41.477Z] info: HTTP GET /
Date: [2019-02-24T14:18:44.891Z] info: HTTP GET /
Date: [2019-02-24T14:18:47.154Z] info: HTTP GET /
Date: [2019-02-24T14:35:15.913Z] info: HTTP GET /
Date: [2019-02-24T14:35:30.978Z] info: HTTP OPTIONS /article
Date: [2019-02-24T14:35:31.029Z] info: HTTP POST /article
Date: [2019-02-24T14:35:37.829Z] info: HTTP GET /
Date: [2019-02-24T14:35:51.071Z] info: HTTP GET /
Date: [2019-02-24T14:35:53.343Z] info: HTTP GET /
Date: [2019-02-24T14:38:07.298Z] info: HTTP OPTIONS /article
Date: [2019-02-24T14:38:07.327Z] info: HTTP POST /article
Date: [2019-02-24T14:38:16.983Z] info: HTTP GET /
Date: [2019-02-24T14:38:23.150Z] info: HTTP OPTIONS /article
Date: [2019-02-24T14:38:23.161Z] info: HTTP POST /article
Date: [2019-02-24T14:38:23.165Z] info: HTTP GET /
Date: [2019-02-24T14:38:23.170Z] info: HTTP GET /
Date: [2019-02-24T14:38:42.004Z] info: HTTP OPTIONS /article
Date: [2019-02-24T14:38:42.018Z] info: HTTP GET /
Date: [2019-02-24T14:38:42.021Z] info: HTTP POST /article
Date: [2019-02-24T14:38:42.025Z] info: HTTP GET /
Date: [2019-02-24T14:40:35.908Z] info: HTTP GET /
Date: [2019-02-24T14:41:44.032Z] info: HTTP GET /
Date: [2019-02-24T14:42:19.810Z] info: HTTP GET /
Date: [2019-02-24T15:09:15.112Z] info: HTTP GET /
Date: [2019-02-24T15:09:29.430Z] info: HTTP OPTIONS /article
Date: [2019-02-24T15:09:29.461Z] info: HTTP POST /article
Date: [2019-02-24T15:09:35.408Z] info: HTTP GET /
Date: [2019-02-24T15:09:43.694Z] info: HTTP GET /
Date: [2019-02-24T15:09:43.707Z] info: HTTP GET /
Date: [2019-02-24T15:14:52.516Z] info: HTTP GET /
Date: [2019-02-24T15:14:52.524Z] info: HTTP GET /
Date: [2019-02-24T15:14:55.571Z] info: HTTP GET /
Date: [2019-02-24T15:14:55.575Z] info: HTTP GET /
Date: [2019-02-24T15:15:51.467Z] info: HTTP GET /
Date: [2019-02-24T15:15:51.474Z] info: HTTP GET /
Date: [2019-02-24T15:15:53.688Z] info: HTTP GET /
Date: [2019-02-24T15:15:53.692Z] info: HTTP GET /
Date: [2019-02-24T15:16:19.155Z] info: HTTP GET /
Date: [2019-02-24T15:16:19.168Z] info: HTTP GET /
Date: [2019-02-24T15:16:19.172Z] info: HTTP GET /
Date: [2019-02-24T15:16:54.840Z] info: HTTP GET /
Date: [2019-02-24T15:16:54.844Z] info: HTTP GET /
Date: [2019-02-24T15:16:54.848Z] info: HTTP GET /
Date: [2019-02-24T15:16:54.852Z] info: HTTP GET /
Date: [2019-02-24T15:16:56.615Z] info: HTTP GET /
Date: [2019-02-24T15:16:56.618Z] info: HTTP GET /
Date: [2019-02-24T15:16:59.983Z] info: HTTP GET /
Date: [2019-02-24T15:16:59.987Z] info: HTTP GET /
Date: [2019-02-24T15:16:59.992Z] info: HTTP GET /
Date: [2019-02-24T15:16:59.996Z] info: HTTP GET /
Date: [2019-02-24T15:16:59.999Z] info: HTTP GET /
Date: [2019-02-24T15:21:57.008Z] info: HTTP GET /
Date: [2019-02-24T15:23:19.838Z] info: HTTP GET /
Date: [2019-02-24T15:23:25.827Z] info: HTTP GET /
Date: [2019-02-24T15:24:43.806Z] info: HTTP GET /
Date: [2019-02-24T15:25:48.064Z] info: HTTP GET /
Date: [2019-02-24T15:26:48.952Z] info: HTTP GET /
Date: [2019-02-24T15:27:31.175Z] info: HTTP GET /
Date: [2019-02-24T15:34:14.455Z] info: HTTP GET /
Date: [2019-02-24T15:34:14.459Z] info: HTTP GET /
Date: [2019-02-24T15:34:14.466Z] info: HTTP GET /
Date: [2019-02-24T15:34:17.510Z] info: HTTP GET /
Date: [2019-02-24T15:34:17.518Z] info: HTTP GET /
Date: [2019-02-24T15:35:10.961Z] info: HTTP GET /
Date: [2019-02-24T15:35:15.018Z] info: HTTP GET /
Date: [2019-02-24T15:35:15.023Z] info: HTTP GET /
Date: [2019-02-24T15:35:25.946Z] info: HTTP GET /
Date: [2019-02-24T15:35:25.950Z] info: HTTP GET /
Date: [2019-02-24T15:35:28.929Z] info: HTTP GET /
Date: [2019-02-24T15:35:28.933Z] info: HTTP GET /
Date: [2019-02-24T15:36:56.754Z] info: HTTP GET /
Date: [2019-02-24T15:36:56.759Z] info: HTTP GET /
Date: [2019-02-24T15:36:56.770Z] info: HTTP GET /
Date: [2019-02-24T15:40:31.056Z] info: HTTP GET /
Date: [2019-02-24T15:40:35.783Z] info: HTTP GET /
Date: [2019-02-24T15:40:49.048Z] info: HTTP GET /
Date: [2019-02-24T15:42:02.678Z] info: HTTP GET /
Date: [2019-02-24T15:46:46.683Z] info: HTTP GET /
Date: [2019-02-24T15:49:10.656Z] info: HTTP GET /
Date: [2019-02-24T15:58:38.654Z] info: HTTP GET /
Date: [2019-02-24T15:58:55.574Z] info: HTTP OPTIONS /article
Date: [2019-02-24T15:58:55.587Z] info: HTTP GET /
Date: [2019-02-24T15:58:55.591Z] info: HTTP GET /
Date: [2019-02-24T15:58:55.640Z] info: HTTP POST /article
Date: [2019-02-24T15:58:59.115Z] info: HTTP GET /
Date: [2019-02-24T15:58:59.120Z] info: HTTP GET /
Date: [2019-02-24T15:59:03.385Z] info: HTTP GET /
Date: [2019-02-24T15:59:03.389Z] info: HTTP GET /
Date: [2019-02-24T15:59:03.393Z] info: HTTP GET /
Date: [2019-02-24T16:01:17.430Z] info: HTTP GET /
Date: [2019-02-24T16:01:21.488Z] info: HTTP GET /
Date: [2019-02-24T16:01:21.493Z] info: HTTP GET /
Date: [2019-02-24T16:01:24.485Z] info: HTTP GET /
Date: [2019-02-24T16:01:24.489Z] info: HTTP GET /
Date: [2019-02-24T16:01:32.821Z] info: HTTP GET /
Date: [2019-02-24T16:01:32.825Z] info: HTTP GET /
Date: [2019-02-24T16:03:37.509Z] info: HTTP GET /
Date: [2019-02-24T16:03:39.477Z] info: HTTP GET /
Date: [2019-02-24T16:03:39.483Z] info: HTTP GET /
Date: [2019-02-24T16:03:41.032Z] info: HTTP GET /
Date: [2019-02-24T16:03:41.035Z] info: HTTP GET /
Date: [2019-02-24T16:03:42.485Z] info: HTTP GET /
Date: [2019-02-24T16:03:42.490Z] info: HTTP GET /
Date: [2019-02-24T16:03:44.229Z] info: HTTP GET /
Date: [2019-02-24T16:03:44.234Z] info: HTTP GET /
Date: [2019-02-24T16:03:46.040Z] info: HTTP GET /
Date: [2019-02-24T16:03:46.045Z] info: HTTP GET /
Date: [2019-02-24T16:03:47.436Z] info: HTTP GET /
Date: [2019-02-24T16:03:47.440Z] info: HTTP GET /
Date: [2019-02-24T16:03:49.599Z] info: HTTP GET /
Date: [2019-02-24T16:03:49.602Z] info: HTTP GET /
Date: [2019-02-24T16:03:51.884Z] info: HTTP GET /
Date: [2019-02-24T16:03:51.888Z] info: HTTP GET /
Date: [2019-02-24T16:04:48.017Z] info: HTTP GET /
Date: [2019-02-24T16:05:15.117Z] info: HTTP GET /
Date: [2019-02-24T16:05:15.121Z] info: HTTP GET /
Date: [2019-02-24T16:05:17.514Z] info: HTTP GET /
Date: [2019-02-24T16:05:17.518Z] info: HTTP GET /
Date: [2019-02-24T16:05:19.657Z] info: HTTP GET /
Date: [2019-02-24T16:05:19.660Z] info: HTTP GET /
Date: [2019-02-24T16:06:23.241Z] info: HTTP GET /
Date: [2019-02-24T16:06:30.797Z] info: HTTP OPTIONS /article
Date: [2019-02-24T16:06:30.817Z] info: HTTP GET /
Date: [2019-02-24T16:06:30.822Z] info: HTTP GET /
Date: [2019-02-24T16:06:30.838Z] info: HTTP POST /article
Date: [2019-02-24T16:07:05.183Z] info: HTTP OPTIONS /article
Date: [2019-02-24T16:07:05.206Z] info: HTTP GET /
Date: [2019-02-24T16:07:05.211Z] info: HTTP GET /
Date: [2019-02-24T16:07:05.228Z] info: HTTP POST /article
Date: [2019-02-24T16:07:15.531Z] info: HTTP GET /
Date: [2019-02-24T16:07:15.536Z] info: HTTP GET /
Date: [2019-02-24T16:07:17.919Z] info: HTTP GET /
Date: [2019-02-24T16:07:17.924Z] info: HTTP GET /
Date: [2019-02-24T16:07:21.110Z] info: HTTP GET /
Date: [2019-02-24T16:07:21.114Z] info: HTTP GET /
Date: [2019-02-24T16:13:06.208Z] info: HTTP GET /
Date: [2019-02-24T16:13:14.214Z] info: HTTP OPTIONS /article/5c72b3a981f16c1238f581ed
Date: [2019-02-24T16:13:14.234Z] info: HTTP GET /
Date: [2019-02-24T16:13:14.242Z] info: HTTP GET /
Date: [2019-02-24T16:13:14.261Z] info: HTTP PUT /article/5c72b3a981f16c1238f581ed
Date: [2019-02-24T16:13:23.861Z] info: HTTP GET /
Date: [2019-02-24T16:13:29.949Z] info: HTTP GET /
Date: [2019-02-24T16:13:29.955Z] info: HTTP GET /
Date: [2019-02-24T16:13:32.460Z] info: HTTP GET /
Date: [2019-02-24T16:13:32.465Z] info: HTTP GET /
Date: [2019-02-24T16:13:34.645Z] info: HTTP GET /
Date: [2019-02-24T16:13:34.657Z] info: HTTP GET /
Date: [2019-02-24T16:14:33.305Z] info: HTTP GET /
Date: [2019-02-24T16:14:38.846Z] info: HTTP OPTIONS /article/5c72b3a981f16c1238f581ed
Date: [2019-02-24T16:14:38.856Z] info: HTTP GET /
Date: [2019-02-24T16:14:38.859Z] info: HTTP GET /
Date: [2019-02-24T16:14:38.907Z] info: HTTP PUT /article/5c72b3a981f16c1238f581ed
Date: [2019-02-24T16:14:48.106Z] info: HTTP GET /
Date: [2019-02-24T16:14:48.113Z] info: HTTP GET /
Date: [2019-02-24T16:14:50.139Z] info: HTTP GET /
Date: [2019-02-24T16:14:50.144Z] info: HTTP GET /
Date: [2019-02-24T16:14:52.339Z] info: HTTP GET /
Date: [2019-02-24T16:14:52.345Z] info: HTTP GET /
Date: [2019-02-24T16:14:58.257Z] info: HTTP GET /
Date: [2019-02-24T16:14:58.261Z] info: HTTP GET /
Date: [2019-02-24T16:15:06.717Z] info: HTTP GET /
Date: [2019-02-24T16:15:06.720Z] info: HTTP GET /
Date: [2019-02-24T16:15:06.724Z] info: HTTP GET /
Date: [2019-02-24T16:15:06.727Z] info: HTTP GET /
Date: [2019-02-24T16:15:06.731Z] info: HTTP GET /
Date: [2019-02-24T16:15:06.735Z] info: HTTP GET /
Date: [2019-02-24T16:15:13.609Z] info: HTTP GET /
Date: [2019-02-24T16:15:13.614Z] info: HTTP GET /
Date: [2019-02-24T16:18:35.676Z] info: HTTP GET /
Date: [2019-02-24T16:18:44.780Z] info: HTTP GET /
Date: [2019-02-24T16:20:01.641Z] info: HTTP GET /
Date: [2019-02-24T16:20:06.404Z] info: HTTP OPTIONS /5c72b3a981f16c1238f581ed
Date: [2019-02-24T16:20:33.798Z] info: HTTP GET /
Date: [2019-02-24T16:20:36.568Z] info: HTTP OPTIONS /article/5c72b3a981f16c1238f581ed
Date: [2019-02-24T16:20:36.585Z] info: HTTP DELETE /article/5c72b3a981f16c1238f581ed
Date: [2019-02-24T16:20:53.020Z] info: HTTP GET /
Date: [2019-02-24T16:21:35.449Z] info: HTTP OPTIONS /article/5c72bf3ff9e04036b0ec9493
Date: [2019-02-24T16:21:35.463Z] info: HTTP DELETE /article/5c72bf3ff9e04036b0ec9493
Date: [2019-02-24T16:22:34.600Z] info: HTTP GET /
Date: [2019-02-24T16:22:36.198Z] info: HTTP OPTIONS /article/5c72c106f9e04036b0ec9494
Date: [2019-02-24T16:22:36.213Z] info: HTTP DELETE /article/5c72c106f9e04036b0ec9494
Date: [2019-02-24T16:22:39.451Z] info: HTTP GET /
Date: [2019-02-24T16:23:04.936Z] info: HTTP OPTIONS /article
Date: [2019-02-24T16:23:04.949Z] info: HTTP GET /
Date: [2019-02-24T16:23:04.954Z] info: HTTP GET /
Date: [2019-02-24T16:23:04.979Z] info: HTTP POST /article
Date: [2019-02-24T16:23:10.182Z] info: HTTP GET /
Date: [2019-02-24T16:23:18.097Z] info: HTTP OPTIONS /article/5c72c4e888544805505894b8
Date: [2019-02-24T16:23:18.106Z] info: HTTP GET /
Date: [2019-02-24T16:23:18.111Z] info: HTTP GET /
Date: [2019-02-24T16:23:18.137Z] info: HTTP PUT /article/5c72c4e888544805505894b8
Date: [2019-02-24T16:23:22.246Z] info: HTTP GET /
Date: [2019-02-24T16:35:53.362Z] info: HTTP OPTIONS /article
Date: [2019-02-24T16:35:53.370Z] info: HTTP GET /
Date: [2019-02-24T16:35:53.375Z] info: HTTP GET /
Date: [2019-02-24T16:35:53.399Z] info: HTTP POST /article
Date: [2019-02-24T16:35:59.287Z] info: HTTP GET /
Date: [2019-02-24T16:36:19.946Z] info: HTTP GET /
Date: [2019-02-24T16:36:19.949Z] info: HTTP GET /
Date: [2019-02-24T16:36:27.366Z] info: HTTP OPTIONS /article/5c72c7e988544805505894b9
Date: [2019-02-24T16:36:27.370Z] info: HTTP DELETE /article/5c72c7e988544805505894b9
Date: [2019-02-24T16:36:30.400Z] info: HTTP GET /
Date: [2019-02-24T16:36:35.869Z] info: HTTP OPTIONS /article/5c72c4e888544805505894b8
Date: [2019-02-24T16:36:35.877Z] info: HTTP DELETE /article/5c72c4e888544805505894b8
Date: [2019-02-24T16:36:37.738Z] info: HTTP GET /
Date: [2019-02-24T16:40:00.141Z] info: HTTP GET /
Date: [2019-02-24T16:40:00.149Z] info: HTTP GET /
Date: [2019-02-24T17:06:00.306Z] info: HTTP OPTIONS /article
Date: [2019-02-24T17:06:00.359Z] info: HTTP POST /article
Date: [2019-02-24T17:06:06.235Z] info: HTTP GET /
Date: [2019-02-24T17:06:09.644Z] info: HTTP GET /
Date: [2019-02-24T17:06:09.648Z] info: HTTP GET /
Date: [2019-02-24T17:06:11.412Z] info: HTTP GET /
Date: [2019-02-24T17:06:11.420Z] info: HTTP GET /
Date: [2019-02-24T17:06:13.193Z] info: HTTP GET /
Date: [2019-02-24T17:06:13.198Z] info: HTTP GET /
Date: [2019-02-24T17:06:20.520Z] info: HTTP OPTIONS /article/5c72cef82650a634ccd6f31c
Date: [2019-02-24T17:06:20.538Z] info: HTTP GET /
Date: [2019-02-24T17:06:20.543Z] info: HTTP GET /
Date: [2019-02-24T17:06:20.556Z] info: HTTP PUT /article/5c72cef82650a634ccd6f31c
Date: [2019-02-24T17:06:26.218Z] info: HTTP GET /
Date: [2019-02-24T17:06:28.959Z] info: HTTP GET /
Date: [2019-02-24T17:06:28.963Z] info: HTTP GET /
Date: [2019-02-24T17:09:45.217Z] info: HTTP GET /
Date: [2019-02-24T17:09:45.227Z] info: HTTP GET /
Date: [2019-02-24T17:09:46.031Z] info: HTTP OPTIONS /article/5c72c129f9e04036b0ec9495
Date: [2019-02-24T17:09:46.042Z] info: HTTP DELETE /article/5c72c129f9e04036b0ec9495
Date: [2019-02-24T17:09:49.043Z] info: HTTP GET /
Date: [2019-02-24T17:09:49.962Z] info: HTTP OPTIONS /article/5c72cef82650a634ccd6f31c
Date: [2019-02-24T17:09:49.970Z] info: HTTP DELETE /article/5c72cef82650a634ccd6f31c
Date: [2019-02-24T17:09:51.000Z] info: HTTP GET /
Date: [2019-02-24T17:59:16.729Z] info: HTTP GET /
Date: [2019-02-24T18:08:53.091Z] info: HTTP OPTIONS /article
Date: [2019-02-24T18:08:53.157Z] info: HTTP POST /article
Date: [2019-02-24T18:08:55.135Z] info: HTTP GET /
Date: [2019-02-24T18:09:01.183Z] info: HTTP GET /
Date: [2019-02-24T18:09:01.188Z] info: HTTP GET /
Date: [2019-02-24T18:09:13.247Z] info: HTTP GET /
Date: [2019-02-24T18:09:13.251Z] info: HTTP GET /
